           1
         256
  
  0.1500000000000E+00   0.4178430115594E-34
  0.1558055255960E+00   0.1542907535558E-31
  0.1618357453760E+00   0.5452103891237E-31
  0.1680993557910E+00   0.1830278879171E-30
  0.1746053898760E+00   0.5848293860484E-30
  0.1813632302770E+00   0.1781963513903E-29
  0.1883826227820E+00   0.5186749706563E-29
  0.1956736903710E+00   0.1444638341527E-28
  0.2032469478250E+00   0.3856588074217E-28
  0.2111133168780E+00   0.9883573256272E-28
  0.2192841419770E+00   0.2435297943806E-27
  0.2277712066380E+00   0.5777683562227E-27
  0.2365867504400E+00   0.1321695408566E-26
  0.2457434866770E+00   0.2919216446178E-26
  0.2552546206910E+00   0.6233994275317E-26
  0.2651338689170E+00   0.1288613418802E-25
  0.2753954786670E+00   0.2581575315086E-25
  0.2860542486710E+00   0.5018331939416E-25
  0.2971255504220E+00   0.9476196648643E-25
  0.3086253503440E+00   0.1740116519423E-24
  0.3205702328190E+00   0.3110600068139E-24
  0.3329774240990E+00   0.5418346338471E-24
  0.3458648171570E+00   0.9205873966017E-24
  0.3592509974830E+00   0.1527011474624E-23
  0.3731552698930E+00   0.2475066637967E-23
  0.3875976863650E+00   0.3923490951354E-23
  0.4025990749600E+00   0.6087787695377E-23
  0.4181810698590E+00   0.9253242544320E-23
  0.4343661425590E+00   0.1378826500550E-22
  0.4511776342850E+00   0.2015708565504E-22
  0.4686397896480E+00   0.2893060943685E-22
  0.4867777916100E+00   0.4079406112034E-22
  0.5056177978030E+00   0.5654999626087E-22
  0.5251869782510E+00   0.7711531724257E-22
  0.5455135545520E+00   0.1035111450869E-21
  0.5666268405800E+00   0.1368447541677E-21
  0.5885572847570E+00   0.1782832620490E-21
  0.6113365139680E+00   0.2290193470136E-21
  0.6349973791680E+00   0.2902298941017E-21
  0.6595740027570E+00   0.3630290904990E-21
  0.6851018277960E+00   0.4484180437473E-21
  0.7116176691120E+00   0.5472334262510E-21
  0.7391597663980E+00   0.6600979123740E-21
  0.7677678393570E+00   0.7873752398254E-21
  0.7974831449800E+00   0.9291325845744E-21
  0.8283485370530E+00   0.1085112596338E-20
  0.8604085279510E+00   0.1254716926428E-20
  0.8937093528340E+00   0.1437002434148E-20
  0.9282990363250E+00   0.1630690533656E-20
  0.9642274617690E+00   0.1834189398472E-20
  0.1001546443170E+01   0.2045504412141E-20
  0.1040309799920E+01   0.2259636079354E-20
  0.1080573434390E+01   0.2477149011042E-20
  0.1122395412610E+01   0.2695726732555E-20
  0.1165836047920E+01   0.2912957114841E-20
  0.1210957988040E+01   0.3126332426269E-20
  0.1257826305350E+01   0.3333510321981E-20
  0.1306508590760E+01   0.3532262466018E-20
  0.1357075051190E+01   0.3720499001544E-20
  0.1409598610830E+01   0.3896264353758E-20
  0.1464155016270E+01   0.4057923381655E-20
  0.1520822945770E+01   0.4204038501628E-20
  0.1579684122700E+01   0.4333494011128E-20
  0.1640823433420E+01   0.4445415627565E-20
  0.1704329049700E+01   0.4539226426384E-20
  0.1770292555850E+01   0.4614620686796E-20
  0.1838809080830E+01   0.4671537697718E-20
  0.1909977435400E+01   0.4710168675966E-20
  0.1983900254670E+01   0.4730916593008E-20
  0.2060684146060E+01   0.4734376872158E-20
  0.2140439843100E+01   0.4721305356338E-20
  0.2223282365080E+01   0.4692608764207E-20
  0.2309331182940E+01   0.4649289864127E-20
  0.2398710391560E+01   0.4592439966737E-20
  0.2491548888740E+01   0.4523210430014E-20
  0.2587980561060E+01   0.4442788465864E-20
  0.2688144477000E+01   0.4352376908244E-20
  0.2792185087450E+01   0.4253174552690E-20
  0.2900252434090E+01   0.4146362331190E-20
  0.3012502365700E+01   0.4033087540325E-20
  0.3129096763000E+01   0.3914453598121E-20
  0.3250203772000E+01   0.3791510862224E-20
  0.3375998046620E+01   0.3665249741558E-20
  0.3506661000440E+01   0.3536595719879E-20
  0.3642381068420E+01   0.3406406280041E-20
  0.3783353978580E+01   0.3275469156722E-20
  0.3929783034330E+01   0.3144502026398E-20
  0.4081879407630E+01   0.3014153308194E-20
  0.4239862443520E+01   0.2885004286342E-20
  0.4403959976460E+01   0.2757571318536E-20
  0.4574408658920E+01   0.2632309171939E-20
  0.4751454302640E+01   0.2509614630025E-20
  0.4935352233140E+01   0.2389830353811E-20
  0.5126367657920E+01   0.2273248900873E-20
  0.5324776048950E+01   0.2160116768933E-20
  0.5530863539930E+01   0.2050638369892E-20
  0.5744927338940E+01   0.1944979861560E-20
  0.5967276157050E+01   0.1843272788998E-20
  0.6198230653530E+01   0.1745617508177E-20
  0.6438123898270E+01   0.1652086386445E-20
  0.6687301852170E+01   0.1562726787429E-20
  0.6946123866000E+01   0.1477563857960E-20
  0.7214963198660E+01   0.1396603141310E-20
  0.7494207555510E+01   0.1319833035459E-20
  0.7784259647440E+01   0.1247227106388E-20
  0.8085537771660E+01   0.1178746262894E-20
  0.8398476414960E+01   0.1114340773276E-20
  0.8723526880280E+01   0.1053952098061E-20
  0.9061157937580E+01   0.9975145118930E-21
  0.9411856499850E+01   0.9449564551927E-21
  0.9776128325310E+01   0.8962015846778E-21
  0.1015449874680E+02   0.8511694663549E-21
  0.1054751342950E+02   0.8097759036018E-21
  0.1095573915740E+02   0.7719329002473E-21
  0.1137976465150E+02   0.7375482208154E-21
  0.1182020141790E+02   0.7065246583889E-21
  0.1227768463050E+02   0.6787590043366E-21
  0.1275287404640E+02   0.6541408790302E-21
  0.1324645495780E+02   0.6325514385045E-21
  0.1375913917990E+02   0.6138621074006E-21
  0.1429166607790E+02   0.5979335431037E-21
  0.1484480363270E+02   0.5846148242329E-21
  0.1541934954920E+02   0.5737427848160E-21
  0.1601613240570E+02   0.5651421096049E-21
  0.1663601285000E+02   0.5586258357351E-21
  0.1727988483950E+02   0.5539959706424E-21
  0.1794867693110E+02   0.5510451650449E-21
  0.1864335362010E+02   0.5495582809608E-21
  0.1936491673100E+02   0.5493147860054E-21
  0.2011440686270E+02   0.5500914397395E-21
  0.2089290488870E+02   0.5516642784720E-21
  0.2170153351620E+02   0.5538122034697E-21
  0.2254145890490E+02   0.5563195984619E-21
  0.2341389234930E+02   0.5589785041889E-21
  0.2432009202490E+02   0.5615915796507E-21
  0.2526136480330E+02   0.5639740871869E-21
  0.2623906813640E+02   0.5659559324279E-21
  0.2725461201440E+02   0.5673831786252E-21
  0.2830946099890E+02   0.5681194764394E-21
  0.2940513633520E+02   0.5680457383052E-21
  0.3054321814630E+02   0.5670627479996E-21
  0.3172534771130E+02   0.5650890702566E-21
  0.3295322983260E+02   0.5620627179301E-21
  0.3422863529440E+02   0.5579398279021E-21
  0.3555340341670E+02   0.5526943811219E-21
  0.3692944470720E+02   0.5463176451053E-21
  0.3835874361720E+02   0.5388163134822E-21
  0.3984336140340E+02   0.5302127725317E-21
  0.4138543909990E+02   0.5205432521101E-21
  0.4298720060660E+02   0.5098563371080E-21
  0.4465095589630E+02   0.4982118276277E-21
  0.4637910434530E+02   0.4856795061929E-21
  0.4817413819480E+02   0.4723372530034E-21
  0.5003864614400E+02   0.4582696001178E-21
  0.5197531708400E+02   0.4435667108108E-21
  0.5398694397540E+02   0.4283222189576E-21
  0.5607642787630E+02   0.4126322099701E-21
  0.5824678212560E+02   0.3965930903333E-21
  0.6050113668920E+02   0.3803011562590E-21
  0.6284274267360E+02   0.3638507626638E-21
  0.6527497701460E+02   0.3473332771340E-21
  0.6780134734700E+02   0.3308355198636E-21
  0.7042549706370E+02   0.3144398573256E-21
  0.7315121056930E+02   0.2982229913529E-21
  0.7598241873850E+02   0.2822550197563E-21
  0.7892320458430E+02   0.2665997243061E-21
  0.8197780914670E+02   0.2513136571271E-21
  0.8515063760900E+02   0.2364464496937E-21
  0.8844626565030E+02   0.2220402514047E-21
  0.9186944604460E+02   0.2081305284236E-21
  0.9542511551490E+02   0.1947458548122E-21
  0.9911840185270E+02   0.1819080616017E-21
  0.1029546313130E+03   0.1696330034951E-21
  0.1069393362950E+03   0.1579308585493E-21
  0.1110782633230E+03   0.1468064811784E-21
  0.1153773813290E+03   0.1362600672758E-21
  0.1198428902660E+03   0.1262872218830E-21
  0.1244812300460E+03   0.1168801473241E-21
  0.1292990898280E+03   0.1080276735393E-21
  0.1343034176660E+03   0.9971586384006E-22
  0.1395014305250E+03   0.9192847598979E-22
  0.1449006246960E+03   0.8464742049939E-22
  0.1505087866000E+03   0.7785305911062E-22
  0.1563340040210E+03   0.7152473284502E-22
  0.1623846777670E+03   0.6564098441721E-22
  0.1686695337890E+03   0.6017988427613E-22
  0.1751976357610E+03   0.5511930194570E-22
  0.1819783981530E+03   0.5043709791314E-22
  0.1890215998100E+03   0.4611137680517E-22
  0.1963373980500E+03   0.4212061733162E-22
  0.2039363433160E+03   0.3844381028186E-22
  0.2118293943900E+03   0.3506057747657E-22
  0.2200279341980E+03   0.3195128188302E-22
  0.2285437862250E+03   0.2909703150966E-22
  0.2373892315630E+03   0.2647979853597E-22
  0.2465770266310E+03   0.2408242848741E-22
  0.2561204215620E+03   0.2188864828826E-22
  0.2660331793160E+03   0.1988308013208E-22
  0.2763295955300E+03   0.1805123806342E-22
  0.2870245191290E+03   0.1637952009398E-22
  0.2981333737470E+03   0.1485517258171E-22
  0.3096721799630E+03   0.1346629168572E-22
  0.3216575784120E+03   0.1220177652435E-22
  0.3341068537770E+03   0.1105130163351E-22
  0.3470379597210E+03   0.1000528236488E-22
  0.3604695447750E+03   0.9054841160505E-23
  0.3744209792340E+03   0.8191760220117E-23
  0.3889123830930E+03   0.7408459914995E-23
  0.4039646550580E+03   0.6697950477493E-23
  0.4195995026920E+03   0.6053798044783E-23
  0.4358394737130E+03   0.5470088678551E-23
  0.4527079885170E+03   0.4941393462464E-23
  0.4702293739500E+03   0.4462734867866E-23
  0.4884288983950E+03   0.4029554526810E-23
  0.5073328082060E+03   0.3637682510405E-23
  0.5269683655660E+03   0.3283308174617E-23
  0.5473638877980E+03   0.2962952605065E-23
  0.5685487882060E+03   0.2673442668652E-23
  0.5905536184910E+03   0.2411886659023E-23
  0.6134101128130E+03   0.2175651506805E-23
  0.6371512335530E+03   0.1962341512893E-23
  0.6618112188550E+03   0.1769778553064E-23
  0.6874256319950E+03   0.1595983695061E-23
  0.7140314126770E+03   0.1439160163859E-23
  0.7416669302970E+03   0.1297677587710E-23
  0.7703720392830E+03   0.1170057455374E-23
  0.8001881365690E+03   0.1054959714422E-23
  0.8311582212940E+03   0.9511704407585E-24
  0.8633269568170E+03   0.8575905105319E-24
  0.8967407351230E+03   0.7732252074272E-24
  0.9314477437310E+03   0.6971747004237E-24
  0.9674980351840E+03   0.6286253297263E-24
  0.1004943599240E+04   0.5668416413412E-24
  0.1043838437830E+04   0.5111591137809E-24
  0.1084238642950E+04   0.4609775233697E-24
  0.1126202477580E+04   0.4157548977997E-24
  0.1169790459650E+04   0.3750020107572E-24
  0.1215065449360E+04   0.3382773732186E-24
  0.1262092739810E+04   0.3051826803274E-24
  0.1310940151180E+04   0.2753586754089E-24
  0.1361678128540E+04   0.2484813955502E-24
  0.1414379843400E+04   0.2242587657953E-24
  0.1469121299300E+04   0.2024275114504E-24
  0.1525981441340E+04   0.1827503604970E-24
  0.1585042270130E+04   0.1650135101682E-24
  0.1646388959930E+04   0.1490243340303E-24
  0.1710109981590E+04   0.1346093076518E-24
  0.1776297230060E+04   0.1216121329788E-24
  0.1845046156970E+04   0.1098920430516E-24
  0.1916455908240E+04   0.9932227039203E-25
  0.1990629467110E+04   0.8978866376451E-25
  0.2067673802600E+04   0.8118843941242E-25
  0.2147700023840E+04   0.7342905405323E-25
  0.2230823540260E+04   0.6642718811195E-25
  0.2317164228020E+04   0.6010782866261E-25
  0.2406846602930E+04   0.3539423787010E-25
